[debug] [2021-04-15T19:00:53.994Z] ----------------------------------------------------------------------
[debug] [2021-04-15T19:00:53.996Z] Command:       C:\Program Files\nodejs\node.exe C:\Users\ABDULLAHI MOHD SHABA\AppData\Roaming\npm\node_modules\firebase-tools\lib\bin\firebase.js init
[debug] [2021-04-15T19:00:53.997Z] CLI Version:   9.10.0
[debug] [2021-04-15T19:00:53.997Z] Platform:      win32
[debug] [2021-04-15T19:00:53.997Z] Node Version:  v14.15.4
[debug] [2021-04-15T19:00:53.999Z] Time:          Thu Apr 15 2021 22:00:53 GMT+0300 (Москва, стандартное время)
[debug] [2021-04-15T19:00:53.999Z] ----------------------------------------------------------------------
[debug] 
[debug] [2021-04-15T19:00:54.011Z] > command requires scopes: ["email","openid","https://www.googleapis.com/auth/cloudplatformprojects.readonly","https://www.googleapis.com/auth/firebase","https://www.googleapis.com/auth/cloud-platform"]
[debug] [2021-04-15T19:00:54.011Z] > authorizing via signed-in user (abdullahiahmad22@gmail.com)
[info] 
     ######## #### ########  ######## ########     ###     ######  ########
     ##        ##  ##     ## ##       ##     ##  ##   ##  ##       ##
     ######    ##  ########  ######   ########  #########  ######  ######
     ##        ##  ##    ##  ##       ##     ## ##     ##       ## ##
     ##       #### ##     ## ######## ########  ##     ##  ######  ########

You're about to initialize a Firebase project in this directory:

  C:\Users\ABDULLAHI MOHD SHABA\Desktop\angular-firebase-deploy

[info] 
=== Project Setup
[info] 
[info] First, let's associate this project directory with a Firebase project.
[info] You can create multiple project aliases by running firebase use --add, 
[info] but for now we'll just set up a default project.
[info] 
[debug] [2021-04-15T19:02:14.742Z] >>> [apiv2][query] GET https://firebase.googleapis.com/v1beta1/projects pageSize=100
[debug] [2021-04-15T19:02:20.636Z] <<< [apiv2][status] GET https://firebase.googleapis.com/v1beta1/projects 200
[debug] [2021-04-15T19:02:20.636Z] <<< [apiv2][body] GET https://firebase.googleapis.com/v1beta1/projects [omitted]
[info] i  Using project angular-firebase-deploy-2e3fb (angular-firebase-deploy) 
[info] 
=== Hosting Setup
[info] 
[info] Your public directory is the folder (relative to your project directory) that
[info] will contain Hosting assets to be uploaded with firebase deploy. If you
[info] have a build process for your assets, use your build's output directory.
[info] 
